E:\WORK\FULLSAIL\SGD\SGD\METRIOD\METRIOD\DEBUG\CSGD_DIRECTINPUT.OBJ
E:\WORK\FULLSAIL\SGD\SGD\METRIOD\METRIOD\DEBUG\CSGD_DIRECTSOUND.OBJ
E:\WORK\FULLSAIL\SGD\SGD\METRIOD\METRIOD\DEBUG\CSGD_DISPATCHER.OBJ
E:\WORK\FULLSAIL\SGD\SGD\METRIOD\METRIOD\DEBUG\CSGD_MEMORYMANAGER.OBJ
E:\WORK\FULLSAIL\SGD\SGD\METRIOD\METRIOD\DEBUG\CSGD_WAVEMANAGER.OBJ
E:\WORK\FULLSAIL\SGD\SGD\METRIOD\METRIOD\DEBUG\SGD_MATH.OBJ
E:\WORK\FULLSAIL\SGD\SGD\METRIOD\METRIOD\DEBUG\STATS.OBJ
E:\WORK\FULLSAIL\SGD\SGD\METRIOD\METRIOD\DEBUG\BULLET.OBJ
E:\WORK\FULLSAIL\SGD\SGD\METRIOD\METRIOD\DEBUG\CBASE.OBJ
E:\WORK\FULLSAIL\SGD\SGD\METRIOD\METRIOD\DEBUG\CGAMECLASS.OBJ
E:\WORK\FULLSAIL\SGD\SGD\METRIOD\METRIOD\DEBUG\COBJECTMANAGER.OBJ
E:\WORK\FULLSAIL\SGD\SGD\METRIOD\METRIOD\DEBUG\CSGD_DIRECT3D.OBJ
E:\WORK\FULLSAIL\SGD\SGD\METRIOD\METRIOD\DEBUG\CSGD_MESSAGESYSTEM.OBJ
E:\WORK\FULLSAIL\SGD\SGD\METRIOD\METRIOD\DEBUG\CSGD_TEXTUREMANAGER.OBJ
E:\WORK\FULLSAIL\SGD\SGD\METRIOD\METRIOD\DEBUG\ENEMY.OBJ
E:\WORK\FULLSAIL\SGD\SGD\METRIOD\METRIOD\DEBUG\HERO.OBJ
E:\WORK\FULLSAIL\SGD\SGD\METRIOD\METRIOD\DEBUG\LVL.OBJ
E:\WORK\FULLSAIL\SGD\SGD\METRIOD\METRIOD\DEBUG\MAINMENU.OBJ
E:\WORK\FULLSAIL\SGD\SGD\METRIOD\METRIOD\DEBUG\MOREMENU.OBJ
E:\WORK\FULLSAIL\SGD\SGD\METRIOD\METRIOD\DEBUG\WINMAIN.OBJ
E:\WORK\FULLSAIL\SGD\SGD\METRIOD\METRIOD\DEBUG\VC110.PDB
E:\Work\Fullsail\SGD\SGD\Metriod\Metriod\Debug\Bullet.obj
E:\Work\Fullsail\SGD\SGD\Metriod\Metriod\Debug\CBase.obj
E:\Work\Fullsail\SGD\SGD\Metriod\Metriod\Debug\CGameClass.obj
E:\Work\Fullsail\SGD\SGD\Metriod\Metriod\Debug\CObjectManager.obj
E:\Work\Fullsail\SGD\SGD\Metriod\Metriod\Debug\CSGD_Direct3D.obj
E:\Work\Fullsail\SGD\SGD\Metriod\Metriod\Debug\CSGD_DirectInput.obj
E:\Work\Fullsail\SGD\SGD\Metriod\Metriod\Debug\CSGD_DirectSound.obj
E:\Work\Fullsail\SGD\SGD\Metriod\Metriod\Debug\CSGD_Dispatcher.obj
E:\Work\Fullsail\SGD\SGD\Metriod\Metriod\Debug\CSGD_MemoryManager.obj
E:\Work\Fullsail\SGD\SGD\Metriod\Metriod\Debug\CSGD_MessageSystem.obj
E:\Work\Fullsail\SGD\SGD\Metriod\Metriod\Debug\CSGD_TextureManager.obj
E:\Work\Fullsail\SGD\SGD\Metriod\Metriod\Debug\CSGD_WaveManager.obj
E:\Work\Fullsail\SGD\SGD\Metriod\Metriod\Debug\Enemy.obj
E:\Work\Fullsail\SGD\SGD\Metriod\Metriod\Debug\Hero.obj
E:\Work\Fullsail\SGD\SGD\Metriod\Metriod\Debug\Lvl.obj
E:\Work\Fullsail\SGD\SGD\Metriod\Metriod\Debug\MainMenu.obj
E:\Work\Fullsail\SGD\SGD\Metriod\Metriod\Debug\MoreMenu.obj
E:\Work\Fullsail\SGD\SGD\Metriod\Metriod\Debug\SGD_Math.obj
E:\Work\Fullsail\SGD\SGD\Metriod\Metriod\Debug\Stats.obj
E:\Work\Fullsail\SGD\SGD\Metriod\Metriod\Debug\WinMain.obj
E:\Work\Fullsail\SGD\SGD\Metriod\Metriod\Debug\cl.command.1.tlog
E:\Work\Fullsail\SGD\SGD\Metriod\Metriod\Debug\CL.read.1.tlog
E:\Work\Fullsail\SGD\SGD\Metriod\Metriod\Debug\CL.write.1.tlog
E:\Work\Fullsail\SGD\SGD\Metriod\Metriod\Debug\link.command.1.tlog
E:\Work\Fullsail\SGD\SGD\Metriod\Metriod\Debug\link.read.1.tlog
E:\Work\Fullsail\SGD\SGD\Metriod\Metriod\Debug\link.write.1.tlog
E:\Work\Fullsail\SGD\SGD\Metriod\Metriod\Debug\vc110.idb
E:\Work\Fullsail\SGD\SGD\Metriod\Metriod\Debug\vc110.pdb
